<?xml version="1.0" encoding="UTF-8"?>
<!-- Generated by org.testng.reporters.JUnitReportReporter -->
<testsuite hostname="DESKTOP-JSO0VNM" failures="0" tests="1" name="testCases.TC002_LoginTest" time="1.931" errors="0" timestamp="2024-10-17T20:18:30 IST" skipped="0">
  <testcase classname="testCases.TC002_LoginTest" name="Verify_Login" time="1.931"/>
</testsuite> <!-- testCases.TC002_LoginTest -->
