<?xml version="1.0" encoding="UTF-8"?>
<!-- Generated by org.testng.reporters.JUnitReportReporter -->
<testsuite hostname="DESKTOP-JSO0VNM" failures="0" tests="1" name="testCases.TC001_AccountregistrationTest" time="4.968" errors="0" timestamp="2024-10-17T20:18:30 IST" skipped="0">
  <testcase classname="testCases.TC001_AccountregistrationTest" name="test_account_Registration" time="4.968"/>
</testsuite> <!-- testCases.TC001_AccountregistrationTest -->
